<?xml version="1.0" encoding="UTF-8"?>
<!-- Generated by org.testng.reporters.JUnitXMLReporter -->
<testsuite ignored="0" hostname="GOWRISANKAR" failures="1" tests="7" name="Cucumber Tests" time="68.392" errors="0" timestamp="2025-04-07T10:30:52 IST">
  <testcase classname="io.cucumber.testng.AbstractTestNGCucumberTests" name="runScenario" time="21.314"/>
  <testcase classname="io.cucumber.testng.AbstractTestNGCucumberTests" name="runScenario" time="9.663"/>
  <testcase classname="io.cucumber.testng.AbstractTestNGCucumberTests" name="runScenario" time="5.906"/>
  <testcase classname="io.cucumber.testng.AbstractTestNGCucumberTests" name="runScenario" time="6.604"/>
  <testcase classname="io.cucumber.testng.AbstractTestNGCucumberTests" name="runScenario" time="9.542"/>
  <testcase classname="io.cucumber.testng.AbstractTestNGCucumberTests" name="runScenario" time="5.589">
    <failure type="java.lang.AssertionError" message="User was not logged in successfully expected [true] but found [false]">
      <![CDATA[java.lang.AssertionError: User was not logged in successfully expected [true] but found [false]
at com.defenitions.LoginPagDefenitions.the_user_should_be_logged_in_successfully(LoginPagDefenitions.java:39)
at ✽.the user should be logged in successfully(file:///C:/Users/GOWRISANKAR/eclipse-cucumber/shop_website/src/test/resources/feature/newsletter.feature:7)
... Removed 3 stack frames]]>
    </failure>
  </testcase> <!-- runScenario -->
  <testcase classname="io.cucumber.testng.AbstractTestNGCucumberTests" name="runScenario" time="8.892"/>
</testsuite> <!-- Cucumber Tests -->
