<?xml version="1.0" encoding="UTF-8"?>
<testng-results ignored="0" total="6" passed="6" failed="0" skipped="0">
  <reporter-output>
  </reporter-output>
  <suite started-at="2025-04-07T21:05:36 IST" name="Default suite" finished-at="2025-04-07T21:06:47 IST" duration-ms="71640">
    <groups>
      <group name="cucumber">
        <method signature="AbstractTestNGCucumberTests.runScenario(io.cucumber.testng.PickleWrapper,io.cucumber.testng.FeatureWrapper)[pri:0, instance:com.runner.runnerTestNG@4961f6af]" name="runScenario" class="io.cucumber.testng.AbstractTestNGCucumberTests"/>
      </group> <!-- cucumber -->
    </groups>
    <test started-at="2025-04-07T21:05:36 IST" name="Default test" finished-at="2025-04-07T21:06:47 IST" duration-ms="71640">
      <class name="com.runner.runnerTestNG">
        <test-method is-config="true" signature="setUpClass(org.testng.ITestContext)[pri:0, instance:com.runner.runnerTestNG@4961f6af]" started-at="2025-04-07T21:05:36 IST" name="setUpClass" finished-at="2025-04-07T21:05:37 IST" duration-ms="849" status="PASS">
          <params>
            <param index="0">
              <value>
                <![CDATA[org.testng.TestRunner@68d8ae27]]>
              </value>
            </param>
          </params>
          <reporter-output>
          </reporter-output>
        </test-method> <!-- setUpClass -->
        <test-method signature="runScenario(io.cucumber.testng.PickleWrapper,io.cucumber.testng.FeatureWrapper)[pri:0, instance:com.runner.runnerTestNG@4961f6af]" started-at="2025-04-07T21:05:37 IST" name="runScenario" description="Runs Cucumber Scenarios" data-provider="scenarios" finished-at="2025-04-07T21:05:51 IST" duration-ms="13904" status="PASS">
          <params>
            <param index="0">
              <value>
                <![CDATA["Successful login with valid credentials"]]>
              </value>
            </param>
            <param index="1">
              <value>
                <![CDATA["User Login"]]>
              </value>
            </param>
          </params>
          <reporter-output>
          </reporter-output>
        </test-method> <!-- runScenario -->
        <test-method signature="runScenario(io.cucumber.testng.PickleWrapper,io.cucumber.testng.FeatureWrapper)[pri:0, instance:com.runner.runnerTestNG@4961f6af]" started-at="2025-04-07T21:05:51 IST" name="runScenario" description="Runs Cucumber Scenarios" data-provider="scenarios" finished-at="2025-04-07T21:05:59 IST" duration-ms="8483" status="PASS">
          <params>
            <param index="0">
              <value>
                <![CDATA["Failed login with invalid credentials"]]>
              </value>
            </param>
            <param index="1">
              <value>
                <![CDATA["User Login"]]>
              </value>
            </param>
          </params>
          <reporter-output>
          </reporter-output>
        </test-method> <!-- runScenario -->
        <test-method signature="runScenario(io.cucumber.testng.PickleWrapper,io.cucumber.testng.FeatureWrapper)[pri:0, instance:com.runner.runnerTestNG@4961f6af]" started-at="2025-04-07T21:05:59 IST" name="runScenario" description="Runs Cucumber Scenarios" data-provider="scenarios" finished-at="2025-04-07T21:06:07 IST" duration-ms="7873" status="PASS">
          <params>
            <param index="0">
              <value>
                <![CDATA["Failed login with invalid credentials"]]>
              </value>
            </param>
            <param index="1">
              <value>
                <![CDATA["User Login"]]>
              </value>
            </param>
          </params>
          <reporter-output>
          </reporter-output>
        </test-method> <!-- runScenario -->
        <test-method signature="runScenario(io.cucumber.testng.PickleWrapper,io.cucumber.testng.FeatureWrapper)[pri:0, instance:com.runner.runnerTestNG@4961f6af]" started-at="2025-04-07T21:06:07 IST" name="runScenario" description="Runs Cucumber Scenarios" data-provider="scenarios" finished-at="2025-04-07T21:06:23 IST" duration-ms="15842" status="PASS">
          <params>
            <param index="0">
              <value>
                <![CDATA["Newsletter subscription validation"]]>
              </value>
            </param>
            <param index="1">
              <value>
                <![CDATA["Newsletter Subscription in applicataion"]]>
              </value>
            </param>
          </params>
          <reporter-output>
          </reporter-output>
        </test-method> <!-- runScenario -->
        <test-method signature="runScenario(io.cucumber.testng.PickleWrapper,io.cucumber.testng.FeatureWrapper)[pri:0, instance:com.runner.runnerTestNG@4961f6af]" started-at="2025-04-07T21:06:23 IST" name="runScenario" description="Runs Cucumber Scenarios" data-provider="scenarios" finished-at="2025-04-07T21:06:32 IST" duration-ms="9117" status="PASS">
          <params>
            <param index="0">
              <value>
                <![CDATA["Newsletter subscription validation"]]>
              </value>
            </param>
            <param index="1">
              <value>
                <![CDATA["Newsletter Subscription in applicataion"]]>
              </value>
            </param>
          </params>
          <reporter-output>
          </reporter-output>
        </test-method> <!-- runScenario -->
        <test-method signature="runScenario(io.cucumber.testng.PickleWrapper,io.cucumber.testng.FeatureWrapper)[pri:0, instance:com.runner.runnerTestNG@4961f6af]" started-at="2025-04-07T21:06:32 IST" name="runScenario" description="Runs Cucumber Scenarios" data-provider="scenarios" finished-at="2025-04-07T21:06:44 IST" duration-ms="12445" status="PASS">
          <params>
            <param index="0">
              <value>
                <![CDATA["Newsletter subscription validation"]]>
              </value>
            </param>
            <param index="1">
              <value>
                <![CDATA["Newsletter Subscription in applicataion"]]>
              </value>
            </param>
          </params>
          <reporter-output>
          </reporter-output>
        </test-method> <!-- runScenario -->
        <test-method is-config="true" signature="tearDownClass()[pri:0, instance:com.runner.runnerTestNG@4961f6af]" started-at="2025-04-07T21:06:44 IST" name="tearDownClass" finished-at="2025-04-07T21:06:47 IST" duration-ms="3049" status="PASS">
          <reporter-output>
          </reporter-output>
        </test-method> <!-- tearDownClass -->
      </class> <!-- com.runner.runnerTestNG -->
    </test> <!-- Default test -->
  </suite> <!-- Default suite -->
</testng-results>
