<?xml version="1.0" encoding="UTF-8"?>
<!-- Generated by org.testng.reporters.JUnitXMLReporter -->
<testsuite ignored="0" hostname="GOWRISANKAR" failures="1" tests="1" name="Cucumber Tests" time="21.888" errors="0" timestamp="2025-04-07T20:28:06 IST">
  <testcase classname="io.cucumber.testng.AbstractTestNGCucumberTests" name="runScenario" time="18.962">
    <failure type="java.lang.IllegalArgumentException" message="Keys to send should be a not null CharSequence">
      <![CDATA[java.lang.IllegalArgumentException: Keys to send should be a not null CharSequence
at org.openqa.selenium.remote.RemoteWebElement.sendKeys(RemoteWebElement.java:96)
at org.openqa.selenium.support.pagefactory.internal.LocatingElementHandler.invoke(LocatingElementHandler.java:51)
at jdk.proxy2/jdk.proxy2.$Proxy27.sendKeys(Unknown Source)
at com.pages.CheckoutPage.fillBillingDetailsFromExcel(CheckoutPage.java:76)
at com.action.CheckoutActions.fillBillingAddressFromExcel(CheckoutActions.java:15)
at com.defenitions.LoginPagDefenitions.i_select_new_billing_address(LoginPagDefenitions.java:113)
at ✽.I select new billing address(file:///C:/Users/GOWRISANKAR/eclipse-cucumber/shop_website/src/test/resources/feature/checkout.feature:11)
... Removed 2 stack frames]]>
    </failure>
  </testcase> <!-- runScenario -->
</testsuite> <!-- Cucumber Tests -->
